<?xml version="1.0" encoding="UTF-8"?>
<!-- Generated by org.testng.reporters.JUnitReportReporter -->
<testsuite skipped="0" hostname="STI-PNQ137" name="main_test_case.Demo_Test_Cases" tests="4" failures="0" timestamp="18 Mar 2020 08:19:55 GMT" time="196.369" errors="0">
  <testcase name="testcases_document_count" time="61.903" classname="main_test_case.Demo_Test_Cases"/>
  <testcase name="testcases_document_count" time="45.541" classname="main_test_case.Demo_Test_Cases"/>
  <testcase name="testcases_document_count" time="44.215" classname="main_test_case.Demo_Test_Cases"/>
  <testcase name="testcases_document_count" time="44.710" classname="main_test_case.Demo_Test_Cases"/>
</testsuite> <!-- main_test_case.Demo_Test_Cases -->
